<?xml version="1.0" encoding="utf-8"?><testsuites name="pytest tests"><testsuite name="pytest" errors="0" failures="0" skipped="0" tests="45" time="167.634" timestamp="2026-06-11T09:14:28.074028+00:00" hostname="agent-env-5a93e4eb-f482-4d34-a917-3c6951c6d0d8"><testcase classname="tests.backend_test" name="test_health" time="0.209" /><testcase classname="tests.backend_test" name="test_login_all_roles[platform_admin]" time="2.758" /><testcase classname="tests.backend_test" name="test_login_all_roles[business_admin]" time="0.941" /><testcase classname="tests.backend_test" name="test_login_all_roles[outlet_manager]" time="0.945" /><testcase classname="tests.backend_test" name="test_login_all_roles[cashier]" time="0.947" /><testcase classname="tests.backend_test" name="test_login_invalid" time="0.494" /><testcase classname="tests.backend_test" name="test_auth_me" time="4.145" /><testcase classname="tests.backend_test" name="test_register_business" time="2.123" /><testcase classname="tests.backend_test" name="test_platform_stats" time="4.368" /><testcase classname="tests.backend_test" name="test_platform_list_businesses" time="1.964" /><testcase classname="tests.backend_test" name="test_platform_approve_pending" time="6.573" /><testcase classname="tests.backend_test" name="test_list_outlets_business_admin" time="0.633" /><testcase classname="tests.backend_test" name="test_cashier_cannot_create_outlet" time="0.391" /><testcase classname="tests.backend_test" name="test_outlet_manager_sees_only_own_outlet" time="0.571" /><testcase classname="tests.backend_test" name="test_product_crud" time="7.722" /><testcase classname="tests.backend_test" name="test_customer_create_and_get" time="1.790" /><testcase classname="tests.backend_test" name="test_create_bill_full_flow" time="9.598" /><testcase classname="tests.backend_test" name="test_cashier_cannot_bill_other_outlet" time="5.977" /><testcase classname="tests.backend_test" name="test_inventory_stock_in_updates_stock" time="11.733" /><testcase classname="tests.backend_test" name="test_low_stock_endpoint" time="5.071" /><testcase classname="tests.backend_test" name="test_supplier_and_po_received_creates_expense" time="18.236" /><testcase classname="tests.backend_test" name="test_expense_admin_auto_approved" time="5.676" /><testcase classname="tests.backend_test" name="test_expense_manager_pending_then_approve" time="1.624" /><testcase classname="tests.backend_test" name="test_business_dashboard_kpis" time="12.911" /><testcase classname="tests.backend_test" name="test_reports_endpoints[profit-loss]" time="1.116" /><testcase classname="tests.backend_test" name="test_reports_endpoints[tax]" time="1.508" /><testcase classname="tests.backend_test" name="test_reports_endpoints[inventory]" time="5.499" /><testcase classname="tests.backend_test" name="test_reports_endpoints[sales]" time="0.905" /><testcase classname="tests.backend_test" name="test_cashier_cannot_create_user" time="0.346" /><testcase classname="tests.backend_test" name="test_cashier_cannot_list_users" time="0.334" /><testcase classname="tests.backend_test" name="test_no_token_unauthorized" time="0.054" /><testcase classname="tests.backend_test" name="test_tenant_isolation_products" time="6.276" /><testcase classname="tests.backend_test.TestHealthScore" name="test_health_score_returns_outlets_with_metrics" time="16.972" /><testcase classname="tests.backend_test.TestHealthScore" name="test_health_score_outlet_manager_scoped" time="17.026" /><testcase classname="tests.backend_test.TestHealthScore" name="test_health_score_unauthorized" time="0.051" /><testcase classname="tests.backend_test.TestExcelExports" name="test_export_bills_xlsx" time="1.133" /><testcase classname="tests.backend_test.TestExcelExports" name="test_export_products_xlsx" time="5.050" /><testcase classname="tests.backend_test.TestExcelExports" name="test_export_customers_xlsx" time="0.589" /><testcase classname="tests.backend_test.TestExcelExports" name="test_export_profit_loss_xlsx_monthly" time="1.025" /><testcase classname="tests.backend_test.TestExcelExports" name="test_export_unauthorized" time="0.046" /><testcase classname="tests.backend_test.TestUploads" name="test_uploads_status_not_configured" time="0.340" /><testcase classname="tests.backend_test.TestUploads" name="test_upload_image_returns_503_when_s3_not_configured" time="0.339" /><testcase classname="tests.backend_test.TestUploads" name="test_upload_image_rejects_non_image_content_type" time="0.330" /><testcase classname="tests.backend_test.TestUploads" name="test_upload_image_rejects_oversize" time="0.785" /><testcase classname="tests.backend_test.TestUploads" name="test_upload_image_requires_auth" time="0.046" /></testsuite></testsuites>