<?xml version="1.0" encoding="utf-8"?><testsuites name="pytest tests"><testsuite name="pytest" errors="0" failures="1" skipped="0" tests="32" time="9.096" timestamp="2026-06-11T07:39:22.208607+00:00" hostname="agent-env-5a93e4eb-f482-4d34-a917-3c6951c6d0d8"><testcase classname="tests.backend_test" name="test_health" time="0.292" /><testcase classname="tests.backend_test" name="test_login_all_roles[platform_admin]" time="0.277" /><testcase classname="tests.backend_test" name="test_login_all_roles[business_admin]" time="0.275" /><testcase classname="tests.backend_test" name="test_login_all_roles[outlet_manager]" time="0.267" /><testcase classname="tests.backend_test" name="test_login_all_roles[cashier]" time="0.273" /><testcase classname="tests.backend_test" name="test_login_invalid" time="0.266" /><testcase classname="tests.backend_test" name="test_auth_me" time="1.193" /><testcase classname="tests.backend_test" name="test_register_business" time="0.547" /><testcase classname="tests.backend_test" name="test_platform_stats" time="0.126" /><testcase classname="tests.backend_test" name="test_platform_list_businesses" time="0.114" /><testcase classname="tests.backend_test" name="test_platform_approve_pending" time="0.481" /><testcase classname="tests.backend_test" name="test_list_outlets_business_admin" time="0.143" /><testcase classname="tests.backend_test" name="test_cashier_cannot_create_outlet" time="0.135" /><testcase classname="tests.backend_test" name="test_outlet_manager_sees_only_own_outlet" time="0.101" /><testcase classname="tests.backend_test" name="test_product_crud" time="0.284" /><testcase classname="tests.backend_test" name="test_customer_create_and_get" time="0.151" /><testcase classname="tests.backend_test" name="test_create_bill_full_flow" time="0.363"><failure message="AssertionError: Internal Server Error&#10;assert 500 == 200&#10; +  where 500 = &lt;Response [500]&gt;.status_code">tests/backend_test.py:233: in test_create_bill_full_flow
    assert r.status_code == 200, r.text
E   AssertionError: Internal Server Error
E   assert 500 == 200
E    +  where 500 = &lt;Response [500]&gt;.status_code</failure></testcase><testcase classname="tests.backend_test" name="test_cashier_cannot_bill_other_outlet" time="0.317" /><testcase classname="tests.backend_test" name="test_inventory_stock_in_updates_stock" time="0.414" /><testcase classname="tests.backend_test" name="test_low_stock_endpoint" time="0.113" /><testcase classname="tests.backend_test" name="test_supplier_and_po_received_creates_expense" time="0.418" /><testcase classname="tests.backend_test" name="test_expense_admin_auto_approved" time="0.246" /><testcase classname="tests.backend_test" name="test_expense_manager_pending_then_approve" time="0.225" /><testcase classname="tests.backend_test" name="test_business_dashboard_kpis" time="0.154" /><testcase classname="tests.backend_test" name="test_reports_endpoints[profit-loss]" time="0.148" /><testcase classname="tests.backend_test" name="test_reports_endpoints[tax]" time="0.141" /><testcase classname="tests.backend_test" name="test_reports_endpoints[inventory]" time="0.117" /><testcase classname="tests.backend_test" name="test_reports_endpoints[sales]" time="0.167" /><testcase classname="tests.backend_test" name="test_cashier_cannot_create_user" time="0.120" /><testcase classname="tests.backend_test" name="test_cashier_cannot_list_users" time="0.106" /><testcase classname="tests.backend_test" name="test_no_token_unauthorized" time="0.044" /><testcase classname="tests.backend_test" name="test_tenant_isolation_products" time="0.870" /></testsuite></testsuites>